<?xml version="1.0" encoding="UTF-8"?>
<testsuite xmlns:xsi="http://www.w3.org/2001/XMLSchema-instance" xsi:noNamespaceSchemaLocation="https://maven.apache.org/surefire/maven-surefire-plugin/xsd/surefire-test-report.xsd" name="com.calc.CalculadoraTest" time="0" tests="4" errors="0" skipped="0" failures="0">
  <properties>
    <property name="java.specification.version" value="23"/>
    <property name="sun.cpu.isalist" value="amd64"/>
    <property name="sun.jnu.encoding" value="Cp1252"/>
    <property name="java.class.path" value="e:\Entorno de desarrollo\calculadora\target\test-classes;e:\Entorno de desarrollo\calculadora\target\classes;C:\Users\M.INFO-A13-PC05\.m2\repository\junit\junit\4.11\junit-4.11.jar;C:\Users\M.INFO-A13-PC05\.m2\repository\org\hamcrest\hamcrest-core\1.3\hamcrest-core-1.3.jar;"/>
    <property name="java.vm.vendor" value="Oracle Corporation"/>
    <property name="sun.arch.data.model" value="64"/>
    <property name="user.variant" value=""/>
    <property name="java.vendor.url" value="https://java.oracle.com/"/>
    <property name="user.timezone" value="Europe/Madrid"/>
    <property name="os.name" value="Windows 10"/>
    <property name="java.vm.specification.version" value="23"/>
    <property name="sun.java.launcher" value="SUN_STANDARD"/>
    <property name="user.country" value="ES"/>
    <property name="sun.boot.library.path" value="C:\Program Files\Java\jdk-23\bin"/>
    <property name="sun.java.command" value="C:\Users\MB2F0~1.INF\AppData\Local\Temp\surefire5494528888086152642\surefirebooter2512714639201347828.jar C:\Users\M.INFO-A13-PC05\AppData\Local\Temp\surefire5494528888086152642 2025-04-08T13-48-59_131-jvmRun1 surefire14091761360125030580tmp surefire_014318639746473912155tmp"/>
    <property name="jdk.debug" value="release"/>
    <property name="surefire.test.class.path" value="e:\Entorno de desarrollo\calculadora\target\test-classes;e:\Entorno de desarrollo\calculadora\target\classes;C:\Users\M.INFO-A13-PC05\.m2\repository\junit\junit\4.11\junit-4.11.jar;C:\Users\M.INFO-A13-PC05\.m2\repository\org\hamcrest\hamcrest-core\1.3\hamcrest-core-1.3.jar;"/>
    <property name="sun.cpu.endian" value="little"/>
    <property name="user.home" value="C:\Users\M.INFO-A13-PC05"/>
    <property name="user.language" value="es"/>
    <property name="java.specification.vendor" value="Oracle Corporation"/>
    <property name="java.version.date" value="2024-09-17"/>
    <property name="java.home" value="C:\Program Files\Java\jdk-23"/>
    <property name="file.separator" value="\"/>
    <property name="basedir" value="e:\Entorno de desarrollo\calculadora"/>
    <property name="java.vm.compressedOopsMode" value="32-bit"/>
    <property name="line.separator" value="&#10;"/>
    <property name="java.vm.specification.vendor" value="Oracle Corporation"/>
    <property name="java.specification.name" value="Java Platform API Specification"/>
    <property name="surefire.real.class.path" value="C:\Users\MB2F0~1.INF\AppData\Local\Temp\surefire5494528888086152642\surefirebooter2512714639201347828.jar"/>
    <property name="user.script" value=""/>
    <property name="sun.management.compiler" value="HotSpot 64-Bit Tiered Compilers"/>
    <property name="java.runtime.version" value="23+37-2369"/>
    <property name="user.name" value="M"/>
    <property name="stdout.encoding" value="Cp1252"/>
    <property name="path.separator" value=";"/>
    <property name="os.version" value="10.0"/>
    <property name="java.runtime.name" value="Java(TM) SE Runtime Environment"/>
    <property name="file.encoding" value="UTF-8"/>
    <property name="java.vm.name" value="Java HotSpot(TM) 64-Bit Server VM"/>
    <property name="localRepository" value="C:\Users\M.INFO-A13-PC05\.m2\repository"/>
    <property name="java.vendor.url.bug" value="https://bugreport.java.com/bugreport/"/>
    <property name="java.io.tmpdir" value="C:\Users\MB2F0~1.INF\AppData\Local\Temp\"/>
    <property name="java.version" value="23"/>
    <property name="user.dir" value="e:\Entorno de desarrollo\calculadora"/>
    <property name="os.arch" value="amd64"/>
    <property name="java.vm.specification.name" value="Java Virtual Machine Specification"/>
    <property name="sun.os.patch.level" value=""/>
    <property name="native.encoding" value="Cp1252"/>
    <property name="java.library.path" value="C:\Program Files\Java\jdk-23\bin;C:\Windows\Sun\Java\bin;C:\Windows\system32;C:\Windows;C:\app\M\product\21c\dbhomeXE\bin;C:\Program Files (x86)\VMware\VMware Workstation\bin\;C:\Program Files\Common Files\Oracle\Java\javapath;C:\Windows\system32;C:\Windows;C:\Windows\System32\Wbem;C:\Windows\System32\WindowsPowerShell\v1.0\;C:\Windows\System32\OpenSSH\;C:\Program Files\Git\cmd;C:\Program Files (x86)\BaseX\bin;C:\Users\T.INFO-A13-PC05\Desktop\Apache FOP\fop-2.10\fop;;C:\Program Files\Docker\Docker\resources\bin;C:\Users\M.INFO-A13-PC05\AppData\Local\Microsoft\WindowsApps;C:\Users\M.INFO-A13-PC05\AppData\Local\Programs\Microsoft VS Code\bin;C:\cygwin64;C:\Program Files\Java\jdk-23\bin;C:\Users\M.INFO-A13-PC05\AppData\Local\Programs\mongosh\;C:\Program Files\Java\apache-maven-3.9.9\bin;;."/>
    <property name="java.vm.info" value="mixed mode, sharing"/>
    <property name="stderr.encoding" value="Cp1252"/>
    <property name="java.vendor" value="Oracle Corporation"/>
    <property name="java.vm.version" value="23+37-2369"/>
    <property name="sun.io.unicode.encoding" value="UnicodeLittle"/>
    <property name="java.class.version" value="67.0"/>
  </properties>
  <testcase name="testResta" classname="com.calc.CalculadoraTest" time="0"/>
  <testcase name="testSuma" classname="com.calc.CalculadoraTest" time="0"/>
  <testcase name="testProducto" classname="com.calc.CalculadoraTest" time="0"/>
  <testcase name="testDivision" classname="com.calc.CalculadoraTest" time="0"/>
</testsuite>